# JRE version: OpenJDK Runtime Environment (8.0_152-b01) (build 1.8.0_152-release-1024-b01)
# Java VM: OpenJDK 64-Bit Server VM (25.152-b01 mixed mode linux-amd64 compressed oops)
Heap:
 PSYoungGen      total 377344K, used 302489K [0x00000000e0000000, 0x00000000ff780000, 0x0000000100000000)
  eden space 350720K, 78% used [0x00000000e0000000,0x00000000f0d700c0,0x00000000f5680000)
  from space 26624K, 99% used [0x00000000f5680000,0x00000000f7076680,0x00000000f7080000)
  to   space 82432K, 0% used [0x00000000fa700000,0x00000000fa700000,0x00000000ff780000)
 ParOldGen       total 199680K, used 122668K [0x00000000a0000000, 0x00000000ac300000, 0x00000000e0000000)
  object space 199680K, 61% used [0x00000000a0000000,0x00000000a77cb0f0,0x00000000ac300000)
 Metaspace       used 104282K, capacity 113884K, committed 114136K, reserved 1148928K
  class space    used 13073K, capacity 15305K, committed 15360K, reserved 1048576K
GC Heap History (10 events):
Event: 20633.510 GC heap before
{Heap before GC invocations=51 (full 4):
 PSYoungGen      total 447488K, used 439904K [0x00000000e0000000, 0x0000000100000000, 0x0000000100000000)
  eden space 384000K, 100% used [0x00000000e0000000,0x00000000f7700000,0x00000000f7700000)
  from space 63488K, 88% used [0x00000000fc200000,0x00000000ff8983c8,0x0000000100000000)
  to   space 70144K, 0% used [0x00000000f7700000,0x00000000f7700000,0x00000000fbb80000)
 ParOldGen       total 199680K, used 97445K [0x00000000a0000000, 0x00000000ac300000, 0x00000000e0000000)
  object space 199680K, 48% used [0x00000000a0000000,0x00000000a5f29418,0x00000000ac300000)
 Metaspace       used 103500K, capacity 112502K, committed 112600K, reserved 1146880K
  class space    used 12948K, capacity 15029K, committed 15104K, reserved 1048576K
Event: 20633.634 GC heap after
Heap after GC invocations=51 (full 4):
 PSYoungGen      total 447488K, used 63055K [0x00000000e0000000, 0x0000000100000000, 0x0000000100000000)
  eden space 384000K, 0% used [0x00000000e0000000,0x00000000e0000000,0x00000000f7700000)
  from space 63488K, 99% used [0x00000000f7700000,0x00000000fb493f20,0x00000000fb500000)
  to   space 76800K, 0% used [0x00000000fb500000,0x00000000fb500000,0x0000000100000000)
 ParOldGen       total 199680K, used 97669K [0x00000000a0000000, 0x00000000ac300000, 0x00000000e0000000)
  object space 199680K, 48% used [0x00000000a0000000,0x00000000a5f61418,0x00000000ac300000)
 Metaspace       used 103500K, capacity 112502K, committed 112600K, reserved 1146880K
  class space    used 12948K, capacity 15029K, committed 15104K, reserved 1048576K
}
Event: 20634.626 GC heap before
{Heap before GC invocations=52 (full 4):
 PSYoungGen      total 447488K, used 447055K [0x00000000e0000000, 0x0000000100000000, 0x0000000100000000)
  eden space 384000K, 100% used [0x00000000e0000000,0x00000000f7700000,0x00000000f7700000)
  from space 63488K, 99% used [0x00000000f7700000,0x00000000fb493f20,0x00000000fb500000)
  to   space 76800K, 0% used [0x00000000fb500000,0x00000000fb500000,0x0000000100000000)
 ParOldGen       total 199680K, used 97669K [0x00000000a0000000, 0x00000000ac300000, 0x00000000e0000000)
  object space 199680K, 48% used [0x00000000a0000000,0x00000000a5f61418,0x00000000ac300000)
 Metaspace       used 103517K, capacity 112502K, committed 112600K, reserved 1146880K
  class space    used 12948K, capacity 15029K, committed 15104K, reserved 1048576K
Event: 20634.705 GC heap after
Heap after GC invocations=52 (full 4):
 PSYoungGen      total 435200K, used 59999K [0x00000000e0000000, 0x0000000100000000, 0x0000000100000000)
  eden space 358400K, 0% used [0x00000000e0000000,0x00000000e0000000,0x00000000f5e00000)
  from space 76800K, 78% used [0x00000000fb500000,0x00000000fef97f20,0x0000000100000000)
  to   space 82944K, 0% used [0x00000000f5e00000,0x00000000f5e00000,0x00000000faf00000)
 ParOldGen       total 199680K, used 97881K [0x00000000a0000000, 0x00000000ac300000, 0x00000000e0000000)
  object space 199680K, 49% used [0x00000000a0000000,0x00000000a5f96428,0x00000000ac300000)
 Metaspace       used 103517K, capacity 112502K, committed 112600K, reserved 1146880K
  class space    used 12948K, capacity 15029K, committed 15104K, reserved 1048576K
}
Event: 20636.189 GC heap before
{Heap before GC invocations=53 (full 4):
 PSYoungGen      total 435200K, used 418399K [0x00000000e0000000, 0x0000000100000000, 0x0000000100000000)
  eden space 358400K, 100% used [0x00000000e0000000,0x00000000f5e00000,0x00000000f5e00000)
  from space 76800K, 78% used [0x00000000fb500000,0x00000000fef97f20,0x0000000100000000)
  to   space 82944K, 0% used [0x00000000f5e00000,0x00000000f5e00000,0x00000000faf00000)
 ParOldGen       total 199680K, used 97881K [0x00000000a0000000, 0x00000000ac300000, 0x00000000e0000000)
  object space 199680K, 49% used [0x00000000a0000000,0x00000000a5f96428,0x00000000ac300000)
 Metaspace       used 103535K, capacity 112502K, committed 112600K, reserved 1146880K
  class space    used 12948K, capacity 15029K, committed 15104K, reserved 1048576K
Event: 20636.282 GC heap after
Heap after GC invocations=53 (full 4):
 PSYoungGen      total 423424K, used 64871K [0x00000000e0000000, 0x0000000100000000, 0x0000000100000000)
  eden space 358400K, 0% used [0x00000000e0000000,0x00000000e0000000,0x00000000f5e00000)
  from space 65024K, 99% used [0x00000000f5e00000,0x00000000f9d59eb0,0x00000000f9d80000)
  to   space 88576K, 0% used [0x00000000fa980000,0x00000000fa980000,0x0000000100000000)
 ParOldGen       total 199680K, used 106660K [0x00000000a0000000, 0x00000000ac300000, 0x00000000e0000000)
  object space 199680K, 53% used [0x00000000a0000000,0x00000000a6829370,0x00000000ac300000)
 Metaspace       used 103535K, capacity 112502K, committed 112600K, reserved 1146880K
  class space    used 12948K, capacity 15029K, committed 15104K, reserved 1048576K
}
Event: 20639.178 GC heap before
{Heap before GC invocations=54 (full 4):
 PSYoungGen      total 423424K, used 423271K [0x00000000e0000000, 0x0000000100000000, 0x0000000100000000)
  eden space 358400K, 100% used [0x00000000e0000000,0x00000000f5e00000,0x00000000f5e00000)
  from space 65024K, 99% used [0x00000000f5e00000,0x00000000f9d59eb0,0x00000000f9d80000)
  to   space 88576K, 0% used [0x00000000fa980000,0x00000000fa980000,0x0000000100000000)
 ParOldGen       total 199680K, used 106660K [0x00000000a0000000, 0x00000000ac300000, 0x00000000e0000000)
  object space 199680K, 53% used [0x00000000a0000000,0x00000000a6829370,0x00000000ac300000)
 Metaspace       used 103555K, capacity 112570K, committed 112856K, reserved 1146880K
  class space    used 12948K, capacity 15029K, committed 15104K, reserved 1048576K
Event: 20639.260 GC heap after
Heap after GC invocations=54 (full 4):
 PSYoungGen      total 439296K, used 33930K [0x00000000e0000000, 0x0000000100000000, 0x0000000100000000)
  eden space 350720K, 0% used [0x00000000e0000000,0x00000000e0000000,0x00000000f5680000)
  from space 88576K, 38% used [0x00000000fa980000,0x00000000fcaa2848,0x0000000100000000)
  to   space 84992K, 0% used [0x00000000f5680000,0x00000000f5680000,0x00000000fa980000)
 ParOldGen       total 199680K, used 122155K [0x00000000a0000000, 0x00000000ac300000, 0x00000000e0000000)
  object space 199680K, 61% used [0x00000000a0000000,0x00000000a774ad58,0x00000000ac300000)
 Metaspace       used 103555K, capacity 112570K, committed 112856K, reserved 1146880K
  class space    used 12948K, capacity 15029K, committed 15104K, reserved 1048576K
}
Event: 20639.489 GC heap before
{Heap before GC invocations=55 (full 4):
 PSYoungGen      total 439296K, used 384650K [0x00000000e0000000, 0x0000000100000000, 0x0000000100000000)
  eden space 350720K, 100% used [0x00000000e0000000,0x00000000f5680000,0x00000000f5680000)
  from space 88576K, 38% used [0x00000000fa980000,0x00000000fcaa2848,0x0000000100000000)
  to   space 84992K, 0% used [0x00000000f5680000,0x00000000f5680000,0x00000000fa980000)
 ParOldGen       total 199680K, used 122155K [0x00000000a0000000, 0x00000000ac300000, 0x00000000e0000000)
  object space 199680K, 61% used [0x00000000a0000000,0x00000000a774ad58,0x00000000ac300000)
 Metaspace       used 103641K, capacity 112696K, committed 112984K, reserved 1146880K
  class space    used 12959K, capacity 15050K, committed 15232K, reserved 1048576K
Event: 20639.543 GC heap after
Heap after GC invocations=55 (full 4):
 PSYoungGen      total 377344K, used 26585K [0x00000000e0000000, 0x00000000ff780000, 0x0000000100000000)
  eden space 350720K, 0% used [0x00000000e0000000,0x00000000e0000000,0x00000000f5680000)
  from space 26624K, 99% used [0x00000000f5680000,0x00000000f7076680,0x00000000f7080000)
  to   space 82432K, 0% used [0x00000000fa700000,0x00000000fa700000,0x00000000ff780000)
 ParOldGen       total 199680K, used 122668K [0x00000000a0000000, 0x00000000ac300000, 0x00000000e0000000)
  object space 199680K, 61% used [0x00000000a0000000,0x00000000a77cb0f0,0x00000000ac300000)
 Metaspace       used 103641K, capacity 112696K, committed 112984K, reserved 1146880K
  class space    used 12959K, capacity 15050K, committed 15232K, reserved 1048576K
}

